Arguments: 
  /home/paulesson/.nvm/versions/node/v8.11.4/bin/node /usr/share/yarn/bin/yarn.js

PATH: 
  /home/paulesson/.linuxbrew/bin:/home/paulesson/.sdkman/candidates/gradle/current/bin:/home/paulesson/.nvm/versions/node/v8.11.4/bin:/usr/local/sbin:/usr/local/bin:/usr/sbin:/usr/bin:/sbin:/bin:/usr/games:/usr/local/games:/snap/bin:/home/paulesson/.rvm/bin:/home/paulesson/bin

Yarn version: 
  1.12.0

Node version: 
  8.11.4

Platform: 
  linux x64

Trace: 
  Error: EEXIST: file already exists, symlink '../bin/babel.js' -> '/home/paulesson/projects/mitsubishi/opencv/node_modules/babel-cli/.bin/babel'

npm manifest: 
  {
    "name": "opencv",
    "version": "1.0.0",
    "main": "index.js",
    "scripts": {
      "build": "rm -rf dist && NODE_ENV=production babel src --out-dir dist"
    },
    "license": "MIT",
    "dependencies": {
      "rxjs": "^6.3.3"
    },
    "devDependencies": {
      "babel-cli": "^6.26.0",
      "babel-plugin-transform-runtime": "^6.23.0",
      "babel-preset-blueflag": "^0.6.0",
      "babel-register": "^6.26.0"
    }
  }

yarn manifest: 
  No manifest

Lockfile: 
  # THIS IS AN AUTOGENERATED FILE. DO NOT EDIT THIS FILE DIRECTLY.
  # yarn lockfile v1
  
  
  rxjs@^6.3.3:
    version "6.3.3"
    resolved "https://registry.yarnpkg.com/rxjs/-/rxjs-6.3.3.tgz#3c6a7fa420e844a81390fb1158a9ec614f4bad55"
    integrity sha512-JTWmoY9tWCs7zvIk/CvRjhjGaOd+OVBM987mxFo+OW66cGpdKjZcpmc74ES1sB//7Kl/PAe8+wEakuhG4pcgOw==
    dependencies:
      tslib "^1.9.0"
  
  tslib@^1.9.0:
    version "1.9.3"
    resolved "https://registry.yarnpkg.com/tslib/-/tslib-1.9.3.tgz#d7e4dd79245d85428c4d7e4822a79917954ca286"
    integrity sha512-4krF8scpejhaOgqzBEcGM7yDIEfi0/8+8zDRZhNZZ2kjmHJ4hv3zCbQWxoJGz1iw5U0Jl0nma13xzHXcncMavQ==
